\BOOKMARK [0][-]{Doc-Start}{\376\377\000T\000I\000T\000L\000E\000\040\000P\000A\000G\000E}{}% 1
\BOOKMARK [0][-]{section*.2}{\376\377\000A\000U\000T\000H\000O\000R\000'\000S\000\040\000D\000E\000C\000L\000A\000R\000A\000T\000I\000O\000N}{}% 2
\BOOKMARK [0][-]{section*.3}{\376\377\000A\000C\000K\000N\000O\000W\000L\000E\000D\000G\000E\000M\000E\000N\000T\000S}{}% 3
\BOOKMARK [0][-]{section*.4}{\376\377\000A\000B\000S\000T\000R\000A\000C\000T}{}% 4
\BOOKMARK [0][-]{section*.6}{\376\377\000L\000I\000S\000T\000\040\000O\000F\000\040\000T\000A\000B\000L\000E\000S}{}% 5
\BOOKMARK [0][-]{section*.8}{\376\377\000L\000I\000S\000T\000\040\000O\000F\000\040\000F\000I\000G\000U\000R\000E\000S}{}% 6
\BOOKMARK [0][-]{chapter.1}{\376\377\000I\000N\000T\000R\000O\000D\000U\000C\000T\000I\000O\000N}{}% 7
\BOOKMARK [1][-]{section.1.1}{\376\377\000B\000a\000c\000k\000g\000r\000o\000u\000n\000d\000\040\000o\000f\000\040\000t\000h\000e\000\040\000S\000t\000u\000d\000y}{chapter.1}% 8
\BOOKMARK [1][-]{section.1.2}{\376\377\000S\000t\000a\000t\000e\000m\000e\000n\000t\000\040\000o\000f\000\040\000t\000h\000e\000\040\000P\000r\000o\000b\000l\000e\000m}{chapter.1}% 9
\BOOKMARK [1][-]{section.1.3}{\376\377\000R\000e\000s\000e\000a\000r\000c\000h\000\040\000Q\000u\000e\000s\000t\000i\000o\000n\000s}{chapter.1}% 10
\BOOKMARK [1][-]{section.1.4}{\376\377\000H\000y\000p\000o\000t\000h\000e\000s\000e\000s\000\040\000\050\000O\000p\000t\000i\000o\000n\000a\000l\000\051}{chapter.1}% 11
\BOOKMARK [1][-]{section.1.5}{\376\377\000O\000b\000j\000e\000c\000t\000i\000v\000e\000s\000\040\000o\000f\000\040\000t\000h\000e\000\040\000S\000t\000u\000d\000y}{chapter.1}% 12
\BOOKMARK [1][-]{section.1.6}{\376\377\000M\000e\000t\000h\000o\000d\000o\000l\000o\000g\000y}{chapter.1}% 13
\BOOKMARK [1][-]{section.1.7}{\376\377\000S\000c\000o\000p\000e}{chapter.1}% 14
\BOOKMARK [1][-]{section.1.8}{\376\377\000K\000e\000y\000\040\000F\000i\000n\000d\000i\000n\000g\000s}{chapter.1}% 15
\BOOKMARK [1][-]{section.1.9}{\376\377\000C\000o\000n\000t\000r\000i\000b\000u\000t\000i\000o\000n\000s}{chapter.1}% 16
\BOOKMARK [0][-]{chapter.2}{\376\377\000R\000E\000L\000A\000T\000E\000D\000\040\000W\000O\000R\000K}{}% 17
\BOOKMARK [1][-]{section.2.1}{\376\377\000T\000h\000e\000\040\000D\000i\000f\000f\000e\000r\000e\000n\000c\000e\000\040\000V\000Q\000A\000\040\000T\000a\000s\000k\000\040\000a\000n\000d\000\040\000i\000t\000s\000\040\000C\000o\000r\000e\000\040\000S\000i\000g\000n\000a\000l}{chapter.2}% 18
\BOOKMARK [1][-]{section.2.2}{\376\377\000M\000e\000t\000h\000o\000d\000o\000l\000o\000g\000i\000e\000s\000\040\000f\000o\000r\000\040\000H\000a\000n\000d\000l\000i\000n\000g\000\040\000t\000h\000e\000\040\000D\000i\000f\000f\000e\000r\000e\000n\000c\000e\000\040\000S\000i\000g\000n\000a\000l}{chapter.2}% 19
\BOOKMARK [1][-]{section.2.3}{\376\377\000M\000e\000t\000h\000o\000d\000o\000l\000o\000g\000i\000e\000s\000\040\000f\000o\000r\000\040\000H\000a\000n\000d\000l\000i\000n\000g\000\040\000D\000i\000f\000f\000e\000r\000e\000n\000c\000e\000\040\000S\000i\000g\000n\000a\000l}{chapter.2}% 20
\BOOKMARK [0][-]{section*.14}{\376\377\000R\000E\000F\000E\000R\000E\000N\000C\000E\000S}{}% 21
\BOOKMARK [0][-]{section*.15}{\376\377\000A\000P\000P\000E\000N\000D\000I\000C\000E\000S}{}% 22
\BOOKMARK [1][-]{section*.16}{\376\377\000A\000P\000P\000E\000N\000D\000I\000X\000\040\000A\000:\000\040\000T\000I\000T\000L\000E}{section*.15}% 23
\BOOKMARK [0][-]{appendix.A}{\376\377\000T\000I\000T\000L\000E}{}% 24
\BOOKMARK [0][-]{section*.18}{\376\377\000V\000I\000T\000A}{}% 25
